TN:
SF:src\services\store.ts
FN:32,useDispatch
FNF:1
FNH:0
FNDA:0,useDispatch
DA:1,1
DA:2,1
DA:3,1
DA:4,1
DA:5,1
DA:6,1
DA:7,1
DA:8,1
DA:9,1
DA:10,1
DA:11,1
DA:12,1
DA:13,1
DA:14,1
DA:15,1
DA:16,1
DA:17,1
DA:18,1
DA:19,1
DA:20,1
DA:21,1
DA:22,1
DA:23,1
DA:24,1
DA:25,1
DA:26,1
DA:27,1
DA:28,1
DA:29,1
DA:30,1
DA:31,1
DA:32,1
DA:33,1
DA:34,1
DA:35,1
LF:35
LH:35
BRF:0
BRH:0
end_of_record
TN:
SF:src\services\Feed\feedSlice.ts
FN:16,fetchStart
FN:19,fetchSuccess
FN:25,fetchError
FN:34,selectOrders
FN:35,selectTotalToday
FN:36,selectTotal
FN:37,selectLoading
FN:38,selectError
FNF:8
FNH:0
FNDA:0,fetchStart
FNDA:0,fetchSuccess
FNDA:0,fetchError
FNDA:0,selectOrders
FNDA:0,selectTotalToday
FNDA:0,selectTotal
FNDA:0,selectLoading
FNDA:0,selectError
DA:1,1
DA:2,1
DA:3,1
DA:4,1
DA:5,1
DA:6,1
DA:7,1
DA:8,1
DA:9,1
DA:10,1
DA:11,1
DA:12,1
DA:13,1
DA:14,1
DA:15,1
DA:16,1
DA:17,0
DA:18,1
DA:19,1
DA:20,0
DA:21,0
DA:22,0
DA:23,0
DA:24,1
DA:25,1
DA:26,0
DA:27,0
DA:28,0
DA:29,1
DA:30,1
DA:31,1
DA:32,1
DA:33,1
DA:34,1
DA:35,1
DA:36,1
DA:37,1
DA:38,1
DA:39,1
DA:40,1
LF:40
LH:32
BRF:0
BRH:0
end_of_record
TN:
SF:src\services\auth\authSlice.ts
FN:27,authStart
FN:31,authSuccess
FN:38,authError
FN:44,updateUserStart
FN:48,updateUserSuccess
FN:53,updateUserError
FN:57,logoutSuccess
FN:65,authCheckStart
FN:83,selectUser
FN:84,selectIsAuthenticated
FN:86,selectAuthLoading
FN:87,selectAuthError
FN:88,selectUpdateUserError
FNF:13
FNH:0
FNDA:0,authStart
FNDA:0,authSuccess
FNDA:0,authError
FNDA:0,updateUserStart
FNDA:0,updateUserSuccess
FNDA:0,updateUserError
FNDA:0,logoutSuccess
FNDA:0,authCheckStart
FNDA:0,selectUser
FNDA:0,selectIsAuthenticated
FNDA:0,selectAuthLoading
FNDA:0,selectAuthError
FNDA:0,selectUpdateUserError
DA:1,1
DA:2,1
DA:3,1
DA:4,1
DA:5,1
DA:6,1
DA:7,1
DA:8,1
DA:9,1
DA:10,1
DA:11,1
DA:12,1
DA:13,1
DA:14,1
DA:15,1
DA:16,1
DA:17,1
DA:18,1
DA:19,1
DA:20,1
DA:21,1
DA:22,1
DA:23,1
DA:24,1
DA:25,1
DA:26,1
DA:27,1
DA:28,0
DA:29,0
DA:30,1
DA:31,1
DA:32,0
DA:33,0
DA:34,0
DA:35,0
DA:36,0
DA:37,1
DA:38,1
DA:39,0
DA:40,0
DA:41,0
DA:42,0
DA:43,1
DA:44,1
DA:45,0
DA:46,0
DA:47,1
DA:48,1
DA:49,0
DA:50,0
DA:51,0
DA:52,1
DA:53,1
DA:54,0
DA:55,0
DA:56,1
DA:57,1
DA:58,0
DA:59,0
DA:60,0
DA:61,0
DA:62,0
DA:63,0
DA:64,1
DA:65,1
DA:66,0
DA:67,0
DA:68,0
DA:69,1
DA:70,1
DA:71,1
DA:72,1
DA:73,1
DA:74,1
DA:75,1
DA:76,1
DA:77,1
DA:78,1
DA:79,1
DA:80,1
DA:81,1
DA:82,1
DA:83,1
DA:84,1
DA:85,0
DA:86,1
DA:87,1
DA:88,1
DA:89,0
DA:90,1
DA:91,1
LF:91
LH:62
BRF:0
BRH:0
end_of_record
TN:
SF:src\services\burgerConstructor\burgerConstructorSlice.ts
FN:24,addIngredient
FN:27,removeIngredient
FN:32,setBun
FN:35,clearConstructor
FN:39,orderRequestStart
FN:43,orderRequestSuccess
FN:48,orderRequestError
FN:52,closeOrderModal
FN:55,moveIngredientUp
FN:66,moveIngredientDown
FNF:10
FNH:6
FNDA:1,addIngredient
FNDA:1,removeIngredient
FNDA:1,setBun
FNDA:1,clearConstructor
FNDA:0,orderRequestStart
FNDA:0,orderRequestSuccess
FNDA:0,orderRequestError
FNDA:0,closeOrderModal
FNDA:1,moveIngredientUp
FNDA:1,moveIngredientDown
DA:1,1
DA:2,1
DA:3,1
DA:4,1
DA:5,1
DA:6,1
DA:7,1
DA:8,1
DA:9,1
DA:10,1
DA:11,1
DA:12,1
DA:13,1
DA:14,1
DA:15,1
DA:16,1
DA:17,1
DA:18,1
DA:19,1
DA:20,1
DA:21,1
DA:22,1
DA:23,1
DA:24,1
DA:25,1
DA:26,1
DA:27,1
DA:28,1
DA:29,1
DA:30,1
DA:31,1
DA:32,1
DA:33,1
DA:34,1
DA:35,1
DA:36,1
DA:37,1
DA:38,1
DA:39,1
DA:40,0
DA:41,0
DA:42,1
DA:43,1
DA:44,0
DA:45,0
DA:46,0
DA:47,1
DA:48,1
DA:49,0
DA:50,0
DA:51,1
DA:52,1
DA:53,0
DA:54,1
DA:55,1
DA:56,1
DA:57,1
DA:58,1
DA:59,1
DA:60,1
DA:61,1
DA:62,1
DA:63,1
DA:64,1
DA:65,1
DA:66,1
DA:67,1
DA:68,1
DA:69,1
DA:70,1
DA:71,1
DA:72,1
DA:73,1
DA:74,1
DA:75,1
DA:76,1
DA:77,1
DA:78,1
DA:79,1
DA:80,1
DA:81,1
DA:82,1
DA:83,1
DA:84,1
DA:85,1
DA:86,1
DA:87,1
DA:88,1
DA:89,1
DA:90,1
DA:91,1
DA:92,1
DA:93,1
LF:93
LH:85
BRDA:24,0,0,1
BRDA:27,1,0,1
BRDA:29,2,0,1
BRDA:32,3,0,1
BRDA:35,4,0,1
BRDA:55,5,0,1
BRDA:60,6,0,0
BRDA:57,7,0,2
BRDA:66,8,0,1
BRDA:71,9,0,0
BRDA:68,10,0,1
BRF:11
BRH:9
end_of_record
TN:
SF:src\services\ingredients\ingredientsSlice.ts
FN:15,fetchStart
FN:19,fetchSuccess
FN:23,fetchError
FN:33,selectIngredients
FN:34,selectIngredientById
FN:36,selectLoading
FN:37,selectError
FNF:7
FNH:3
FNDA:1,fetchStart
FNDA:1,fetchSuccess
FNDA:1,fetchError
FNDA:0,selectIngredients
FNDA:0,selectIngredientById
FNDA:0,selectLoading
FNDA:0,selectError
DA:1,1
DA:2,1
DA:3,1
DA:4,1
DA:5,1
DA:6,1
DA:7,1
DA:8,1
DA:9,1
DA:10,1
DA:11,1
DA:12,1
DA:13,1
DA:14,1
DA:15,1
DA:16,1
DA:17,1
DA:18,1
DA:19,1
DA:20,1
DA:21,1
DA:22,1
DA:23,1
DA:24,1
DA:25,1
DA:26,1
DA:27,1
DA:28,1
DA:29,1
DA:30,1
DA:31,1
DA:32,1
DA:33,1
DA:34,1
DA:35,0
DA:36,1
DA:37,1
DA:38,1
DA:39,1
LF:39
LH:38
BRDA:15,0,0,1
BRDA:19,1,0,1
BRDA:23,2,0,1
BRF:3
BRH:3
end_of_record
TN:
SF:src\services\orders\ordersSlice.ts
FN:23,fetchOrdersStart
FN:27,fetchOrdersSuccess
FN:31,fetchOrdersError
FN:35,setCurrentOrder
FN:50,selectUserOrders
FN:51,selectUserOrdersLoading
FN:53,selectUserOrdersError
FN:54,selectCurrentOrder
FNF:8
FNH:0
FNDA:0,fetchOrdersStart
FNDA:0,fetchOrdersSuccess
FNDA:0,fetchOrdersError
FNDA:0,setCurrentOrder
FNDA:0,selectUserOrders
FNDA:0,selectUserOrdersLoading
FNDA:0,selectUserOrdersError
FNDA:0,selectCurrentOrder
DA:1,1
DA:2,1
DA:3,1
DA:4,1
DA:5,1
DA:6,1
DA:7,1
DA:8,1
DA:9,1
DA:10,1
DA:11,1
DA:12,1
DA:13,1
DA:14,1
DA:15,1
DA:16,1
DA:17,1
DA:18,1
DA:19,1
DA:20,1
DA:21,1
DA:22,1
DA:23,1
DA:24,0
DA:25,0
DA:26,1
DA:27,1
DA:28,0
DA:29,0
DA:30,1
DA:31,1
DA:32,0
DA:33,0
DA:34,1
DA:35,1
DA:36,0
DA:37,0
DA:38,0
DA:39,0
DA:40,1
DA:41,1
DA:42,1
DA:43,1
DA:44,1
DA:45,1
DA:46,1
DA:47,1
DA:48,1
DA:49,1
DA:50,1
DA:51,1
DA:52,0
DA:53,1
DA:54,1
DA:55,0
DA:56,1
DA:57,1
LF:57
LH:45
BRF:0
BRH:0
end_of_record
